  [1m[36m (43.8ms)[0m  [1mCREATE TABLE `schema_migrations` (`version` varchar(255) NOT NULL) ENGINE=InnoDB[0m
  [1m[35m (49.9ms)[0m  CREATE UNIQUE INDEX `unique_schema_migrations`  ON `schema_migrations` (`version`) 
  [1m[36mActiveRecord::SchemaMigration Load (1.5ms)[0m  [1mSELECT `schema_migrations`.* FROM `schema_migrations`[0m
  [1m[36mActiveRecord::SchemaMigration Load (3.7ms)[0m  [1mSELECT `schema_migrations`.* FROM `schema_migrations`[0m
  [1m[36mActiveRecord::SchemaMigration Load (0.2ms)[0m  [1mSELECT `schema_migrations`.* FROM `schema_migrations`[0m
  [1m[35mActiveRecord::SchemaMigration Load (0.1ms)[0m  SELECT `schema_migrations`.* FROM `schema_migrations`
  [1m[36m (0.3ms)[0m  [1mSELECT fk.referenced_table_name as 'to_table'
      ,fk.referenced_column_name as 'primary_key'
      ,fk.column_name as 'column'
      ,fk.constraint_name as 'name'
FROM information_schema.key_column_usage fk
WHERE fk.referenced_column_name is not null
  AND fk.table_schema = 'inventory_management_development'
  AND fk.table_name = 'books'
[0m
  [1m[35m (0.1ms)[0m  SHOW CREATE TABLE `books`
  [1m[36m (12.5ms)[0m  [1mCREATE TABLE `schema_migrations` (`version` varchar(255) NOT NULL) ENGINE=InnoDB[0m
  [1m[35m (16.9ms)[0m  CREATE UNIQUE INDEX `unique_schema_migrations`  ON `schema_migrations` (`version`) 
  [1m[36mActiveRecord::SchemaMigration Load (0.2ms)[0m  [1mSELECT `schema_migrations`.* FROM `schema_migrations`[0m
Migrating to CreateBooks (20161031155631)
  [1m[35m (3.7ms)[0m  CREATE TABLE `books` (`id` int(11) auto_increment PRIMARY KEY, `isbn` varchar(255), `title` varchar(255), `author` varchar(255), `created_at` datetime NOT NULL, `updated_at` datetime NOT NULL) ENGINE=InnoDB
  [1m[36m (0.2ms)[0m  [1mBEGIN[0m
  [1m[35mSQL (0.5ms)[0m  INSERT INTO `schema_migrations` (`version`) VALUES ('20161031155631')
  [1m[36m (3.5ms)[0m  [1mCOMMIT[0m
  [1m[35mActiveRecord::SchemaMigration Load (0.4ms)[0m  SELECT `schema_migrations`.* FROM `schema_migrations`
  [1m[36m (0.6ms)[0m  [1mSELECT fk.referenced_table_name as 'to_table'
      ,fk.referenced_column_name as 'primary_key'
      ,fk.column_name as 'column'
      ,fk.constraint_name as 'name'
FROM information_schema.key_column_usage fk
WHERE fk.referenced_column_name is not null
  AND fk.table_schema = 'inventory_management_development'
  AND fk.table_name = 'books'
[0m
  [1m[35m (0.8ms)[0m  SHOW CREATE TABLE `books`
  [1m[36mActiveRecord::SchemaMigration Load (0.1ms)[0m  [1mSELECT `schema_migrations`.* FROM `schema_migrations`[0m
  [1m[35mActiveRecord::SchemaMigration Load (0.1ms)[0m  SELECT `schema_migrations`.* FROM `schema_migrations`
  [1m[36m (0.2ms)[0m  [1mSELECT fk.referenced_table_name as 'to_table'
      ,fk.referenced_column_name as 'primary_key'
      ,fk.column_name as 'column'
      ,fk.constraint_name as 'name'
FROM information_schema.key_column_usage fk
WHERE fk.referenced_column_name is not null
  AND fk.table_schema = 'inventory_management_development'
  AND fk.table_name = 'books'
[0m
  [1m[35m (0.1ms)[0m  SHOW CREATE TABLE `books`
